<?xml version="1.0" encoding="UTF-8"?>
<!-- Generated by org.testng.reporters.JUnitReportReporter -->
<testsuite hostname="DESKTOP-9K1BGI2" failures="0" tests="3" name="selenium.GetMethod" time="12.671" errors="0" timestamp="22 Aug 2019 13:46:36 GMT" skipped="0">
  <testcase classname="selenium.GetMethod" name="getText" time="1.149"/>
  <testcase classname="selenium.GetMethod" name="getPageSource" time="7.578"/>
  <testcase classname="selenium.GetMethod" name="getTitle" time="3.944"/>
</testsuite> <!-- selenium.GetMethod -->
