<?xml version="1.0" encoding="UTF-8"?>
<!-- Generated by org.testng.reporters.JUnitReportReporter -->
<testsuite hostname="DESKTOP-9K1BGI2" failures="0" tests="1" name="selenium.IFrames" time="11.844" errors="0" timestamp="29 Aug 2019 12:07:49 GMT" skipped="0">
  <testcase classname="selenium.IFrames" name="iFrames" time="11.844"/>
</testsuite> <!-- selenium.IFrames -->
