<?xml version="1.0" encoding="UTF-8"?>
<!-- Generated by org.testng.reporters.JUnitReportReporter -->
<testsuite hostname="DESKTOP-9K1BGI2" failures="0" tests="1" name="selenium.Assignment7" time="0.934" errors="0" timestamp="05 Sep 2019 01:15:20 GMT" skipped="0">
  <testcase classname="selenium.Assignment7" name="radioBox" time="0.934"/>
</testsuite> <!-- selenium.Assignment7 -->
