<?xml version="1.0" encoding="UTF-8"?>
<!-- Generated by org.testng.reporters.JUnitReportReporter -->
<testsuite hostname="DESKTOP-9K1BGI2" failures="0" tests="2" name="selenium.Assignment8" time="0.796" errors="0" timestamp="06 Sep 2019 00:18:38 GMT" skipped="0">
  <testcase classname="selenium.Assignment8" name="dropDown" time="0.394"/>
  <testcase classname="selenium.Assignment8" name="multiSelect" time="0.402"/>
</testsuite> <!-- selenium.Assignment8 -->
