<?xml version="1.0" encoding="UTF-8"?>
<!-- Generated by org.testng.reporters.JUnitReportReporter -->
<testsuite hostname="DESKTOP-9K1BGI2" failures="0" tests="2" name="selenium.Assignment6" time="0.711" errors="0" timestamp="04 Sep 2019 23:17:31 GMT" skipped="0">
  <testcase classname="selenium.Assignment6" name="singleCheckBox" time="0.176"/>
  <testcase classname="selenium.Assignment6" name="multipleCheckBox" time="0.535"/>
</testsuite> <!-- selenium.Assignment6 -->
