<?xml version="1.0" encoding="UTF-8"?>
<!-- Generated by org.testng.reporters.JUnitReportReporter -->
<testsuite hostname="DESKTOP-9K1BGI2" failures="0" tests="2" name="selenium.Assignment5" time="30.635" errors="0" timestamp="03 Sep 2019 23:36:25 GMT" skipped="0">
  <testcase classname="selenium.Assignment5" name="seleniumeasy" time="15.263"/>
  <testcase classname="selenium.Assignment5" name="aPlusB" time="15.372"/>
</testsuite> <!-- selenium.Assignment5 -->
