<?xml version="1.0" encoding="UTF-8"?>
<!-- Generated by org.testng.reporters.JUnitReportReporter -->
<testsuite hostname="DESKTOP-9K1BGI2" failures="0" tests="2" name="selenium.MouseActions" time="21.313" errors="0" timestamp="29 Aug 2019 02:14:06 GMT" skipped="0">
  <testcase classname="selenium.MouseActions" name="mouseAction" time="21.310"/>
  <testcase classname="selenium.MouseActions" name="actionClasses" time="0.003"/>
</testsuite> <!-- selenium.MouseActions -->
