<?xml version="1.0" encoding="UTF-8"?>
<!-- Generated by org.testng.reporters.JUnitReportReporter -->
<testsuite hostname="DESKTOP-9K1BGI2" failures="0" tests="1" name="selenium.LimitingWebDriver" time="49.738" errors="0" timestamp="30 Aug 2019 01:00:26 GMT" skipped="0">
  <testcase classname="selenium.LimitingWebDriver" name="limitingWebDriver" time="49.738"/>
</testsuite> <!-- selenium.LimitingWebDriver -->
