<?xml version="1.0" encoding="UTF-8"?>
<!-- Generated by org.testng.reporters.JUnitReportReporter -->
<testsuite hostname="DESKTOP-9K1BGI2" failures="0" tests="1" name="selenium.NavigateExmples" time="11.829" errors="0" timestamp="22 Aug 2019 14:17:05 GMT" skipped="0">
  <testcase classname="selenium.NavigateExmples" name="navigateMethod" time="11.829"/>
</testsuite> <!-- selenium.NavigateExmples -->
