<?xml version="1.0" encoding="UTF-8"?>
<!-- Generated by org.testng.reporters.JUnitReportReporter -->
<testsuite hostname="DESKTOP-9K1BGI2" failures="0" tests="1" name="selenium.Assignment10" time="1.063" errors="0" timestamp="10 Sep 2019 22:55:39 GMT" skipped="0">
  <testcase classname="selenium.Assignment10" name="ajaxTesting" time="1.063"/>
</testsuite> <!-- selenium.Assignment10 -->
