<?xml version="1.0" encoding="UTF-8"?>
<!-- Generated by org.testng.reporters.JUnitReportReporter -->
<testsuite hostname="DESKTOP-9K1BGI2" failures="0" tests="1" name="selenium.Assignment3" time="3.307" errors="0" timestamp="27 Aug 2019 21:11:43 GMT" skipped="0">
  <testcase classname="selenium.Assignment3" name="explicitWait" time="3.307"/>
</testsuite> <!-- selenium.Assignment3 -->
