<?xml version="1.0" encoding="UTF-8"?>
<!-- Generated by org.testng.reporters.JUnitReportReporter -->
<testsuite hostname="DESKTOP-9K1BGI2" failures="0" tests="1" name="selenium.NavigateExmples" time="10.890" errors="0" timestamp="22 Aug 2019 20:06:16 GMT" skipped="0">
  <testcase classname="selenium.NavigateExmples" name="navigateMethod" time="10.890"/>
</testsuite> <!-- selenium.NavigateExmples -->
