<?xml version="1.0" encoding="UTF-8"?>
<!-- Generated by org.testng.reporters.JUnitReportReporter -->
<testsuite hostname="DESKTOP-9K1BGI2" failures="0" tests="1" name="selenium.Assignment9" time="3.115" errors="0" timestamp="06 Sep 2019 01:12:48 GMT" skipped="0">
  <testcase classname="selenium.Assignment9" name="inputFormSubmit" time="3.115"/>
</testsuite> <!-- selenium.Assignment9 -->
