<?xml version="1.0" encoding="UTF-8"?>
<!-- Generated by org.testng.reporters.JUnitReportReporter -->
<testsuite hostname="DESKTOP-9K1BGI2" failures="0" tests="1" name="selenium.Assignment4" time="17.137" errors="0" timestamp="30 Aug 2019 04:06:45 GMT" skipped="0">
  <testcase classname="selenium.Assignment4" name="assignment4" time="17.137"/>
</testsuite> <!-- selenium.Assignment4 -->
